C:\USERS\DBURGESS\VSPLUGIN\SRC_VS2012\GDBPARSER\RELEASE\GDBPARSER.PCH
C:\USERS\DBURGESS\VSPLUGIN\SRC_VS2012\GDBPARSER\RELEASE\STDAFX.OBJ
C:\USERS\DBURGESS\VSPLUGIN\SRC_VS2012\GDBPARSER\RELEASE\VC110.PDB
C:\USERS\DBURGESS\VSPLUGIN\SRC_VS2012\GDBPARSER\RELEASE\GDBPARSERAPI.OBJ
C:\USERS\DBURGESS\VSPLUGIN\SRC_VS2012\GDBPARSER\RELEASE\GDB-CONNECT.OBJ
C:\USERS\DBURGESS\VSPLUGIN\SRC_VS2012\GDBPARSER\RELEASE\CONSTANTS.OBJ
C:\USERS\DBURGESS\VSPLUGIN\SRC_VS2012\GDBPARSER\RELEASE\DLLMAIN.OBJ
C:\USERS\DBURGESS\VSPLUGIN\SRC_VS2012\GDBPARSER\RELEASE\.NETFRAMEWORK,VERSION=V4.0.ASSEMBLYATTRIBUTES.OBJ
C:\Users\dburgess\VSPlugin\src_vs2012\Release\GDBParser.lib
C:\Users\dburgess\VSPlugin\src_vs2012\Release\GDBParser.exp
C:\USERS\DBURGESS\VSPLUGIN\SRC_VS2012\RELEASE\GDBPARSER.DLL
C:\USERS\DBURGESS\VSPLUGIN\SRC_VS2012\RELEASE\GDBPARSER.PDB
C:\USERS\DBURGESS\VSPLUGIN\SRC_VS2012\GDBPARSER\RELEASE\GDBPARSER.RES
C:\Users\dburgess\VSPlugin\src_vs2012\GDBParser\Release\.NETFramework,Version=v4.0.AssemblyAttributes.obj
C:\Users\dburgess\VSPlugin\src_vs2012\GDBParser\Release\Constants.obj
C:\Users\dburgess\VSPlugin\src_vs2012\GDBParser\Release\dllmain.obj
C:\Users\dburgess\VSPlugin\src_vs2012\GDBParser\Release\gdb-connect.obj
C:\Users\dburgess\VSPlugin\src_vs2012\GDBParser\Release\GDBParserAPI.obj
C:\Users\dburgess\VSPlugin\src_vs2012\GDBParser\Release\stdafx.obj
C:\Users\dburgess\VSPlugin\src_vs2012\GDBParser\Release\cl.command.1.tlog
C:\Users\dburgess\VSPlugin\src_vs2012\GDBParser\Release\CL.read.1.tlog
C:\Users\dburgess\VSPlugin\src_vs2012\GDBParser\Release\CL.write.1.tlog
C:\Users\dburgess\VSPlugin\src_vs2012\GDBParser\Release\GDBParser.write.1.tlog
C:\Users\dburgess\VSPlugin\src_vs2012\GDBParser\Release\link-cvtres.read.1.tlog
C:\Users\dburgess\VSPlugin\src_vs2012\GDBParser\Release\link-cvtres.write.1.tlog
C:\Users\dburgess\VSPlugin\src_vs2012\GDBParser\Release\link-rc.read.1.tlog
C:\Users\dburgess\VSPlugin\src_vs2012\GDBParser\Release\link-rc.write.1.tlog
C:\Users\dburgess\VSPlugin\src_vs2012\GDBParser\Release\link.command.1.tlog
C:\Users\dburgess\VSPlugin\src_vs2012\GDBParser\Release\link.read.1.tlog
C:\Users\dburgess\VSPlugin\src_vs2012\GDBParser\Release\link.write.1.tlog
C:\Users\dburgess\VSPlugin\src_vs2012\GDBParser\Release\metagen.read.1.tlog
C:\Users\dburgess\VSPlugin\src_vs2012\GDBParser\Release\metagen.write.1.tlog
C:\Users\dburgess\VSPlugin\src_vs2012\GDBParser\Release\rc.command.1.tlog
C:\Users\dburgess\VSPlugin\src_vs2012\GDBParser\Release\rc.read.1.tlog
C:\Users\dburgess\VSPlugin\src_vs2012\GDBParser\Release\rc.write.1.tlog
C:\Users\dburgess\VSPlugin\src_vs2012\GDBParser\Release\GDBParser.res
C:\Users\dburgess\VSPlugin\src_vs2012\GDBParser\Release\GDBParser.pch
C:\Users\dburgess\VSPlugin\src_vs2012\GDBParser\Release\vc110.pdb
C:\Users\dburgess\VSPlugin\src_vs2012\GDBParser\Release\RSAENH.DLL.bi
C:\Users\dburgess\VSPlugin\src_vs2012\GDBParser\Release\TZRES.DLL.bi
C:\Users\dburgess\VSPlugin\src_vs2012\Release\GDBParser.pdb
C:\Users\dburgess\VSPlugin\src_vs2012\Release\GDBParser.dll
