C:\USERS\DBURGESS\VSPLUGIN\SRC_VS2012\GDBWRAPPER\RELEASE\GDBWRAPPER.PCH
C:\USERS\DBURGESS\VSPLUGIN\SRC_VS2012\GDBWRAPPER\RELEASE\STDAFX.OBJ
C:\USERS\DBURGESS\VSPLUGIN\SRC_VS2012\GDBWRAPPER\RELEASE\VC110.PDB
C:\USERS\DBURGESS\VSPLUGIN\SRC_VS2012\GDBWRAPPER\RELEASE\GDBWRAPPER.OBJ
C:\USERS\DBURGESS\VSPLUGIN\SRC_VS2012\GDBWRAPPER\RELEASE\.NETFRAMEWORK,VERSION=V4.0.ASSEMBLYATTRIBUTES.OBJ
C:\USERS\DBURGESS\VSPLUGIN\SRC_VS2012\RELEASE\GDBWRAPPER.EXE
C:\USERS\DBURGESS\VSPLUGIN\SRC_VS2012\RELEASE\GDBWRAPPER.PDB
C:\Users\dburgess\VSPlugin\src_vs2012\GDBWrapper\Release\.NETFramework,Version=v4.0.AssemblyAttributes.obj
C:\Users\dburgess\VSPlugin\src_vs2012\GDBWrapper\Release\GDBWrapper.obj
C:\Users\dburgess\VSPlugin\src_vs2012\GDBWrapper\Release\stdafx.obj
C:\Users\dburgess\VSPlugin\src_vs2012\GDBWrapper\Release\cl.command.1.tlog
C:\Users\dburgess\VSPlugin\src_vs2012\GDBWrapper\Release\CL.read.1.tlog
C:\Users\dburgess\VSPlugin\src_vs2012\GDBWrapper\Release\CL.write.1.tlog
C:\Users\dburgess\VSPlugin\src_vs2012\GDBWrapper\Release\link-cvtres.read.1.tlog
C:\Users\dburgess\VSPlugin\src_vs2012\GDBWrapper\Release\link-cvtres.write.1.tlog
C:\Users\dburgess\VSPlugin\src_vs2012\GDBWrapper\Release\link-rc.read.1.tlog
C:\Users\dburgess\VSPlugin\src_vs2012\GDBWrapper\Release\link-rc.write.1.tlog
C:\Users\dburgess\VSPlugin\src_vs2012\GDBWrapper\Release\link.command.1.tlog
C:\Users\dburgess\VSPlugin\src_vs2012\GDBWrapper\Release\link.read.1.tlog
C:\Users\dburgess\VSPlugin\src_vs2012\GDBWrapper\Release\link.write.1.tlog
C:\Users\dburgess\VSPlugin\src_vs2012\GDBWrapper\Release\metagen.read.1.tlog
C:\Users\dburgess\VSPlugin\src_vs2012\GDBWrapper\Release\metagen.write.1.tlog
C:\Users\dburgess\VSPlugin\src_vs2012\GDBWrapper\Release\GDBWrapper.pch
C:\Users\dburgess\VSPlugin\src_vs2012\GDBWrapper\Release\vc110.pdb
C:\Users\dburgess\VSPlugin\src_vs2012\GDBWrapper\Release\RSAENH.DLL.bi
C:\Users\dburgess\VSPlugin\src_vs2012\GDBWrapper\Release\TZRES.DLL.bi
C:\Users\dburgess\VSPlugin\src_vs2012\Release\GDBWrapper.pdb
C:\Users\dburgess\VSPlugin\src_vs2012\Release\GDBWrapper.exe
